The target system is: Generic -  - MSP430
The host system is: Linux - 5.4.0-53-generic - x86_64
Compiling the C compiler identification source file "CMakeCCompilerId.c" succeeded.
Compiler: /opt/ti/ccs1011/ccs/tools/compiler/msp430-gcc-9.2.0.50_linux64/bin/msp430-elf-gcc 
Build flags: 
Id flags:  

The output was:
0
/opt/ti/ccs1011/ccs/tools/compiler/msp430-gcc-9.2.0.50_linux64/bin/../lib/gcc/msp430-elf/9.2.0/../../../../msp430-elf/bin/ld: warning: cannot find entry symbol _start; defaulting to 0000000000008000


Compilation of the C compiler identification source "CMakeCCompilerId.c" produced "a.out"

Compiling the C compiler identification source file "CMakeCCompilerId.c" succeeded.
Compiler: /opt/ti/ccs1011/ccs/tools/compiler/msp430-gcc-9.2.0.50_linux64/bin/msp430-elf-gcc 
Build flags: 
Id flags: -c 

The output was:
0


Compilation of the C compiler identification source "CMakeCCompilerId.c" produced "CMakeCCompilerId.o"

The C compiler identification is GNU, found in "/home/carl/workspace_v10/ADCS_Firmware/build/CMakeFiles/3.18.1/CompilerIdC/CMakeCCompilerId.o"

Checking whether the ASM compiler is GNU using "--version" matched "(GNU assembler)|(GCC)|(Free Software Foundation)":
msp430-elf-gcc (Mitto Systems Limited - msp430-gcc 9.2.0.50) 9.2.0
Copyright (C) 2019 Free Software Foundation, Inc.
This is free software; see the source for copying conditions.  There is NO
warranty; not even for MERCHANTABILITY or FITNESS FOR A PARTICULAR PURPOSE.

Detecting C compiler ABI info compiled with the following output:
Change Dir: /home/carl/workspace_v10/ADCS_Firmware/build/CMakeFiles/CMakeTmp

Run Build Command(s):/usr/bin/make cmTC_54c3e/fast && /usr/bin/make  -f CMakeFiles/cmTC_54c3e.dir/build.make CMakeFiles/cmTC_54c3e.dir/build
make[1]: Entering directory '/home/carl/workspace_v10/ADCS_Firmware/build/CMakeFiles/CMakeTmp'
Building C object CMakeFiles/cmTC_54c3e.dir/CMakeCCompilerABI.c.obj
/opt/ti/ccs1011/ccs/tools/compiler/msp430-gcc-9.2.0.50_linux64/bin/msp430-elf-gcc   -ffunction-sections -fdata-sections -mmcu=msp430f5529 -DF_CPU=8000000 -I    -v -o CMakeFiles/cmTC_54c3e.dir/CMakeCCompilerABI.c.obj -c /usr/local/share/cmake-3.18/Modules/CMakeCCompilerABI.c
Linking C static library libcmTC_54c3e.a
/usr/local/bin/cmake -P CMakeFiles/cmTC_54c3e.dir/cmake_clean_target.cmake
/usr/local/bin/cmake -E cmake_link_script CMakeFiles/cmTC_54c3e.dir/link.txt --verbose=1
/opt/ti/ccs1011/ccs/tools/compiler/msp430-gcc-9.2.0.50_linux64/bin/msp430-elf-ar qc libcmTC_54c3e.a CMakeFiles/cmTC_54c3e.dir/CMakeCCompilerABI.c.obj
/opt/ti/ccs1011/ccs/tools/compiler/msp430-gcc-9.2.0.50_linux64/bin/msp430-elf-ranlib libcmTC_54c3e.a
make[1]: Leaving directory '/home/carl/workspace_v10/ADCS_Firmware/build/CMakeFiles/CMakeTmp'



Parsed C implicit include dir info from above output: rv=start
  warn: unable to parse implicit include dirs!


Parsed C implicit link information from above output:
  link line regex: [^( *|.*[/\])(msp430-elf-ld|CMAKE_LINK_STARTFILE-NOTFOUND|([^/\]+-)?ld|collect2)[^/\]*( |$)]
  ignore line: [Change Dir: /home/carl/workspace_v10/ADCS_Firmware/build/CMakeFiles/CMakeTmp]
  ignore line: []
  ignore line: [Run Build Command(s):/usr/bin/make cmTC_54c3e/fast && /usr/bin/make  -f CMakeFiles/cmTC_54c3e.dir/build.make CMakeFiles/cmTC_54c3e.dir/build]
  ignore line: [make[1]: Entering directory '/home/carl/workspace_v10/ADCS_Firmware/build/CMakeFiles/CMakeTmp']
  ignore line: [Building C object CMakeFiles/cmTC_54c3e.dir/CMakeCCompilerABI.c.obj]
  ignore line: [/opt/ti/ccs1011/ccs/tools/compiler/msp430-gcc-9.2.0.50_linux64/bin/msp430-elf-gcc   -ffunction-sections -fdata-sections -mmcu=msp430f5529 -DF_CPU=8000000 -I    -v -o CMakeFiles/cmTC_54c3e.dir/CMakeCCompilerABI.c.obj -c /usr/local/share/cmake-3.18/Modules/CMakeCCompilerABI.c]
  ignore line: [Linking C static library libcmTC_54c3e.a]
  ignore line: [/usr/local/bin/cmake -P CMakeFiles/cmTC_54c3e.dir/cmake_clean_target.cmake]
  ignore line: [/usr/local/bin/cmake -E cmake_link_script CMakeFiles/cmTC_54c3e.dir/link.txt --verbose=1]
  ignore line: [/opt/ti/ccs1011/ccs/tools/compiler/msp430-gcc-9.2.0.50_linux64/bin/msp430-elf-ar qc libcmTC_54c3e.a CMakeFiles/cmTC_54c3e.dir/CMakeCCompilerABI.c.obj]
  ignore line: [/opt/ti/ccs1011/ccs/tools/compiler/msp430-gcc-9.2.0.50_linux64/bin/msp430-elf-ranlib libcmTC_54c3e.a]
  ignore line: [make[1]: Leaving directory '/home/carl/workspace_v10/ADCS_Firmware/build/CMakeFiles/CMakeTmp']
  ignore line: []
  ignore line: []
  implicit libs: []
  implicit dirs: []
  implicit fwks: []


